
  .   ____          _            __ _ _
 /\\ / ___'_ __ _ _(_)_ __  __ _ \ \ \ \
( ( )\___ | '_ | '_| | '_ \/ _` | \ \ \ \
 \\/  ___)| |_)| | | | | || (_| |  ) ) ) )
  '  |____| .__|_| |_|_| |_\__, | / / / /
 =========|_|==============|___/=/_/_/_/

 :: Spring Boot ::                (v4.0.4)

2026-03-29T22:13:10.511+05:30  INFO 40776 --- [CONFIG-SERVER] [           main] c.l.c.ConfigServerApplication            : Starting ConfigServerApplication v0.0.1-SNAPSHOT using Java 25.0.1 with PID 40776 (C:\Users\HP\OneDrive\Desktop\FinFlow\config-server\target\config-server-0.0.1-SNAPSHOT.jar started by HP in C:\Users\HP\OneDrive\Desktop\FinFlow\config-server)
2026-03-29T22:13:10.522+05:30  INFO 40776 --- [CONFIG-SERVER] [           main] c.l.c.ConfigServerApplication            : No active profile set, falling back to 1 default profile: "default"
2026-03-29T22:13:13.396+05:30  INFO 40776 --- [CONFIG-SERVER] [           main] o.s.cloud.context.scope.GenericScope     : BeanFactory id=bfa33b99-510e-39d8-a21e-45e6195f232a
2026-03-29T22:13:14.047+05:30  INFO 40776 --- [CONFIG-SERVER] [           main] o.s.boot.tomcat.TomcatWebServer          : Tomcat initialized with port 8888 (http)
2026-03-29T22:13:14.079+05:30  INFO 40776 --- [CONFIG-SERVER] [           main] o.apache.catalina.core.StandardService   : Starting service [Tomcat]
2026-03-29T22:13:14.081+05:30  INFO 40776 --- [CONFIG-SERVER] [           main] o.apache.catalina.core.StandardEngine    : Starting Servlet engine: [Apache Tomcat/11.0.18]
2026-03-29T22:13:14.146+05:30  INFO 40776 --- [CONFIG-SERVER] [           main] b.w.c.s.WebApplicationContextInitializer : Root WebApplicationContext: initialization completed in 3469 ms
2026-03-29T22:13:20.265+05:30  INFO 40776 --- [CONFIG-SERVER] [           main] o.s.b.a.e.web.EndpointLinksResolver      : Exposing 3 endpoints beneath base path '/actuator'
2026-03-29T22:13:20.367+05:30  WARN 40776 --- [CONFIG-SERVER] [           main] ConfigServletWebServerApplicationContext : Exception encountered during context initialization - cancelling refresh attempt: org.springframework.context.ApplicationContextException: Failed to start bean 'webServerStartStop'
2026-03-29T22:13:20.400+05:30  INFO 40776 --- [CONFIG-SERVER] [           main] .s.b.a.l.ConditionEvaluationReportLogger : 

Error starting ApplicationContext. To display the condition evaluation report re-run your application with 'debug' enabled.
2026-03-29T22:13:20.433+05:30 ERROR 40776 --- [CONFIG-SERVER] [           main] o.s.b.d.LoggingFailureAnalysisReporter   : 

***************************
APPLICATION FAILED TO START
***************************

Description:

Web server failed to start. Port 8888 was already in use.

Action:

Identify and stop the process that's listening on port 8888 or configure this application to listen on another port.

